<?xml version="1.0" encoding="UTF-8"?>
<!-- Generated by org.testng.reporters.JUnitXMLReporter -->
<testsuite hostname="Abbss-MacBook-Pro.local" ignored="0" tests="1" failures="0" timestamp="21 Oct 2018 05:31:23 GMT" time="0.025" errors="0">
  <testcase name="shouldAnswerWithTrue" time="0.008" classname="AppTest"/>
</testsuite>
