<?xml version="1.0" encoding="UTF-8"?>
<!-- Generated by org.testng.reporters.JUnitReportReporter -->
<testsuite skipped="0" hostname="Abbss-MacBook-Pro.local" name="TestWeb" tests="2" failures="0" timestamp="04 Nov 2018 12:02:51 GMT" time="15.197" errors="0">
  <testcase name="test1" time="4.460" classname="TestWeb"/>
  <testcase name="test2" time="10.737" classname="TestWeb"/>
</testsuite> <!-- TestWeb -->
