<?xml version="1.0" encoding="UTF-8"?>
<!-- Generated by org.testng.reporters.JUnitReportReporter -->
<testsuite skipped="0" hostname="Abbss-MacBook-Pro.local" name="GroupTestClass" tests="1" failures="0" timestamp="21 Oct 2018 05:03:33 GMT" time="0.006" errors="0">
  <testcase name="test2" time="0.006" classname="GroupTestClass"/>
</testsuite> <!-- GroupTestClass -->
