<?xml version="1.0" encoding="UTF-8"?>
<!-- Generated by org.testng.reporters.JUnitReportReporter -->
<testsuite skipped="0" hostname="Abbss-MacBook-Pro.local" name="usingdataProviders" tests="3" failures="0" timestamp="21 Oct 2018 04:16:21 GMT" time="0.009" errors="0">
  <testcase name="test" time="0.007" classname="usingdataProviders"/>
  <testcase name="test" time="0.001" classname="usingdataProviders"/>
  <testcase name="test" time="0.001" classname="usingdataProviders"/>
</testsuite> <!-- usingdataProviders -->
