<?xml version="1.0" encoding="UTF-8"?>
<!-- Generated by org.testng.reporters.JUnitReportReporter -->
<testsuite skipped="0" hostname="Abbss-MacBook-Pro.local" name="parallel_dataprovider" tests="2" failures="0" timestamp="25 Oct 2018 04:15:36 GMT" time="11.731" errors="0">
  <testcase name="Test" time="5.975" classname="parallel_dataprovider"/>
  <testcase name="Test" time="5.756" classname="parallel_dataprovider"/>
</testsuite> <!-- parallel_dataprovider -->
