<?xml version="1.0" encoding="UTF-8"?>
<!-- Generated by org.testng.reporters.JUnitReportReporter -->
<testsuite skipped="0" hostname="Abbss-MacBook-Pro.local" name="LoginTest" tests="3" failures="0" timestamp="04 Nov 2018 11:40:19 GMT" time="0.012" errors="0">
  <testcase name="test2" time="0.010" classname="LoginTest"/>
  <testcase name="test4" time="0.001" classname="LoginTest"/>
  <testcase name="test3" time="0.001" classname="LoginTest"/>
</testsuite> <!-- LoginTest -->
